<?xml version="1.0" encoding="UTF-8"?>
<!-- Generated by org.testng.reporters.JUnitXMLReporter -->
<testsuite hostname="Srishti" name="Default test" tests="4" failures="0" timestamp="30 Oct 2016 19:17:29 GMT" time="17.646" errors="0">
  <testcase name="calculateRouteFromAToB" time="0.039" classname="com.pb.selenium.spider.TflCalculateRoute"/>
  <testcase name="calculateRouteFromAToB" time="0.051" classname="com.pb.selenium.spider.TflCalculateRoute"/>
  <testcase name="calculateRouteFromAToB" time="0.004" classname="com.pb.selenium.spider.TflCalculateRoute"/>
  <testcase name="calculateRouteFromAToB" time="0.004" classname="com.pb.selenium.spider.TflCalculateRoute"/>
</testsuite> <!-- Default test -->
